Using pre-set license
Built from '2020.3/staging' branch; Version is '2020.3.18f1 (a7d1c678663c) revision 10998214'; Using compiler version '192528614'; Build Type 'Release'
OS: 'Windows 10 Education; OS build 22621.819; Version 2009; 64bit' Language: 'en' Physical Memory: 32510 MB
BatchMode: 1, IsHumanControllingUs: 0, StartBugReporterOnCrash: 0, Is64bit: 1, IsPro: 0

COMMAND LINE ARGUMENTS:
C:\Program Files\Unity\Hub\Editor\2019.2.21f1\Editor\Unity.exe
-adb2
-batchMode
-noUpm
-name
AssetImportWorker0
-projectPath
C:/Users/pietschj/Documents/Unity/VR/TutorialTemplate
-logFile
Logs/AssetImportWorker0.log
-srvPort
63100
Successfully changed project path to: C:/Users/pietschj/Documents/Unity/VR/TutorialTemplate
C:/Users/pietschj/Documents/Unity/VR/TutorialTemplate
Using Asset Import Pipeline V2.
Refreshing native plugins compatible for Editor in 33.20 ms, found 2 plugins.
Preloading 0 native plugins for Editor in 0.00 ms.
Initialize engine version: 2020.3.18f1 (a7d1c678663c)
[Subsystems] Discovering subsystems at path C:/Program Files/Unity/Hub/Editor/2019.2.21f1/Editor/Data/Resources/UnitySubsystems
[Subsystems] Discovering subsystems at path C:/Users/pietschj/Documents/Unity/VR/TutorialTemplate/Assets
GfxDevice: creating device client; threaded=0
Direct3D:
    Version:  Direct3D 11.0 [level 11.1]
    Renderer: NVIDIA GeForce RTX 3080 Laptop GPU (ID=0x24dc)
    Vendor:   
    VRAM:     8042 MB
    Driver:   30.0.15.1272
Initialize mono
Mono path[0] = 'C:/Program Files/Unity/Hub/Editor/2019.2.21f1/Editor/Data/Managed'
Mono path[1] = 'C:/Program Files/Unity/Hub/Editor/2019.2.21f1/Editor/Data/MonoBleedingEdge/lib/mono/unityjit'
Mono config path = 'C:/Program Files/Unity/Hub/Editor/2019.2.21f1/Editor/Data/MonoBleedingEdge/etc'
Using monoOptions --debugger-agent=transport=dt_socket,embedding=1,server=y,suspend=n,address=127.0.0.1:56140
Begin MonoManager ReloadAssembly
Registering precompiled unity dll's ...
Register platform support module: C:/Program Files/Unity/Hub/Editor/2019.2.21f1/Editor/Data/PlaybackEngines/WindowsStandaloneSupport/UnityEditor.WindowsStandalone.Extensions.dll
Registered in 0.001261 seconds.
Native extension for WindowsStandalone target not found
Refreshing native plugins compatible for Editor in 26.17 ms, found 2 plugins.
Preloading 0 native plugins for Editor in 0.00 ms.
Mono: successfully reloaded assembly
- Completed reload, in  0.840 seconds
Domain Reload Profiling:
	ReloadAssembly (840ms)
		BeginReloadAssembly (48ms)
			ExecutionOrderSort (0ms)
			DisableScriptedObjects (0ms)
			BackupInstance (0ms)
			ReleaseScriptingObjects (0ms)
			CreateAndSetChildDomain (1ms)
		EndReloadAssembly (300ms)
			LoadAssemblies (46ms)
			RebuildTransferFunctionScriptingTraits (0ms)
			SetupTypeCache (111ms)
			ReleaseScriptCaches (0ms)
			RebuildScriptCaches (20ms)
			SetupLoadedEditorAssemblies (114ms)
				LogAssemblyErrors (0ms)
				InitializePlatformSupportModulesInManaged (3ms)
				SetLoadedEditorAssemblies (0ms)
				RefreshPlugins (26ms)
				BeforeProcessingInitializeOnLoad (9ms)
				ProcessInitializeOnLoadAttributes (56ms)
				ProcessInitializeOnLoadMethodAttributes (19ms)
				AfterProcessingInitializeOnLoad (0ms)
				EditorAssembliesLoaded (0ms)
			ExecutionOrderSort2 (0ms)
			AwakeInstancesAfterBackupRestoration (0ms)
Platform modules already initialized, skipping
Registering precompiled user dll's ...
Registered in 0.002518 seconds.
Begin MonoManager ReloadAssembly
Native extension for WindowsStandalone target not found
Refreshing native plugins compatible for Editor in 0.37 ms, found 2 plugins.
Preloading 0 native plugins for Editor in 0.00 ms.
Mono: successfully reloaded assembly
- Completed reload, in  0.728 seconds
Domain Reload Profiling:
	ReloadAssembly (729ms)
		BeginReloadAssembly (113ms)
			ExecutionOrderSort (0ms)
			DisableScriptedObjects (3ms)
			BackupInstance (0ms)
			ReleaseScriptingObjects (0ms)
			CreateAndSetChildDomain (15ms)
		EndReloadAssembly (572ms)
			LoadAssemblies (69ms)
			RebuildTransferFunctionScriptingTraits (0ms)
			SetupTypeCache (188ms)
			ReleaseScriptCaches (0ms)
			RebuildScriptCaches (30ms)
			SetupLoadedEditorAssemblies (232ms)
				LogAssemblyErrors (0ms)
				InitializePlatformSupportModulesInManaged (4ms)
				SetLoadedEditorAssemblies (0ms)
				RefreshPlugins (0ms)
				BeforeProcessingInitializeOnLoad (76ms)
				ProcessInitializeOnLoadAttributes (143ms)
				ProcessInitializeOnLoadMethodAttributes (3ms)
				AfterProcessingInitializeOnLoad (4ms)
				EditorAssembliesLoaded (0ms)
			ExecutionOrderSort2 (0ms)
			AwakeInstancesAfterBackupRestoration (4ms)
Platform modules already initialized, skipping
========================================================================
Worker process is ready to serve import requests
Launched and connected shader compiler UnityShaderCompiler.exe after 0.05 seconds
Refreshing native plugins compatible for Editor in 0.35 ms, found 2 plugins.
Preloading 0 native plugins for Editor in 0.00 ms.
Unloading 1788 Unused Serialized files (Serialized files now loaded: 0)
System memory in use before: 83.9 MB.
System memory in use after: 84.0 MB.

Unloading 17 unused Assets to reduce memory usage. Loaded Objects now: 2226.
Total: 2.364700 ms (FindLiveObjects: 0.131700 ms CreateObjectMapping: 0.027900 ms MarkObjects: 2.078900 ms  DeleteObjects: 0.124600 ms)

AssetImportParameters requested are different than current active one (requested -> active):
  custom:framework-win-MediaFoundation: 216162199b28c13a410421893ffa2e32 -> 
  custom:video-decoder-ogg-theora: a1e56fd34408186e4bbccfd4996cb3dc -> 
  custom:container-muxer-webm: aa71ff27fc2769a1b78a27578f13a17b -> 
  custom:container-demuxer-webm: 4f35f7cbe854078d1ac9338744f61a02 -> 
  custom:container-demuxer-ogg: 62fdf1f143b41e24485cea50d1cbac27 -> 
  custom:video-encoder-webm-vp8: eb34c28f22e8b96e1ab97ce403110664 -> 
  custom:video-decoder-webm-vp8: 9c59270c3fd7afecdb556c50c9e8de78 -> 
  custom:audio-decoder-ogg-vorbis: bf7c407c2cedff20999df2af8eb42d56 -> 
  custom:audio-encoder-webm-vorbis: bf7c407c2cedff20999df2af8eb42d56 -> 
========================================================================
Received Import Request.
  path: Assets/iadtTex.jpg
  artifactKey: Guid(9531a7e14c3b8a641bc1fb4d29528794) Importer(815301076,1909f56bfc062723c751e8b465ee728b)
Start importing Assets/iadtTex.jpg using Guid(9531a7e14c3b8a641bc1fb4d29528794) Importer(815301076,1909f56bfc062723c751e8b465ee728b)  -> (artifact id: '6790c2831e8692a9ff689875072c2b29') in 0.121038 seconds 
  Import took 0.123760 seconds .

========================================================================
Received Import Request.
  Time since last request: 1.644155 seconds.
  path: Assets/TextMesh Pro
  artifactKey: Guid(f54d1bd14bd3ca042bd867b519fee8cc) Importer(815301076,1909f56bfc062723c751e8b465ee728b)
Start importing Assets/TextMesh Pro using Guid(f54d1bd14bd3ca042bd867b519fee8cc) Importer(815301076,1909f56bfc062723c751e8b465ee728b)  -> (artifact id: '16b4cbde9565bf190136f1148817e1ea') in 0.006074 seconds 
  Import took 0.008709 seconds .

========================================================================
Received Import Request.
  Time since last request: 22.711221 seconds.
  path: Assets/Scripts/Tutorial1_scripts
  artifactKey: Guid(fc503746f978d5f44ad2f57f0f02644d) Importer(815301076,1909f56bfc062723c751e8b465ee728b)
Start importing Assets/Scripts/Tutorial1_scripts using Guid(fc503746f978d5f44ad2f57f0f02644d) Importer(815301076,1909f56bfc062723c751e8b465ee728b)  -> (artifact id: '6326efeb268bb443c47972010a1fedb8') in 0.006008 seconds 
  Import took 0.008726 seconds .

========================================================================
Received Prepare
Registering precompiled user dll's ...
Registered in 0.002475 seconds.
Begin MonoManager ReloadAssembly
Native extension for WindowsStandalone target not found
Refreshing native plugins compatible for Editor in 0.34 ms, found 2 plugins.
Preloading 0 native plugins for Editor in 0.00 ms.
Mono: successfully reloaded assembly
- Completed reload, in  0.683 seconds
Domain Reload Profiling:
	ReloadAssembly (684ms)
		BeginReloadAssembly (93ms)
			ExecutionOrderSort (0ms)
			DisableScriptedObjects (4ms)
			BackupInstance (0ms)
			ReleaseScriptingObjects (0ms)
			CreateAndSetChildDomain (25ms)
		EndReloadAssembly (545ms)
			LoadAssemblies (69ms)
			RebuildTransferFunctionScriptingTraits (0ms)
			SetupTypeCache (181ms)
			ReleaseScriptCaches (1ms)
			RebuildScriptCaches (26ms)
			SetupLoadedEditorAssemblies (213ms)
				LogAssemblyErrors (0ms)
				InitializePlatformSupportModulesInManaged (4ms)
				SetLoadedEditorAssemblies (0ms)
				RefreshPlugins (0ms)
				BeforeProcessingInitializeOnLoad (67ms)
				ProcessInitializeOnLoadAttributes (134ms)
				ProcessInitializeOnLoadMethodAttributes (3ms)
				AfterProcessingInitializeOnLoad (4ms)
				EditorAssembliesLoaded (0ms)
			ExecutionOrderSort2 (0ms)
			AwakeInstancesAfterBackupRestoration (4ms)
Platform modules already initialized, skipping
Refreshing native plugins compatible for Editor in 0.34 ms, found 2 plugins.
Preloading 0 native plugins for Editor in 0.00 ms.
Unloading 1747 Unused Serialized files (Serialized files now loaded: 0)
System memory in use before: 83.3 MB.
System memory in use after: 83.4 MB.

Unloading 12 unused Assets to reduce memory usage. Loaded Objects now: 2234.
Total: 2.268900 ms (FindLiveObjects: 0.129200 ms CreateObjectMapping: 0.028700 ms MarkObjects: 2.011500 ms  DeleteObjects: 0.098400 ms)

AssetImportParameters requested are different than current active one (requested -> active):
  custom:framework-win-MediaFoundation: 216162199b28c13a410421893ffa2e32 -> 
  custom:video-decoder-ogg-theora: a1e56fd34408186e4bbccfd4996cb3dc -> 
  custom:container-muxer-webm: aa71ff27fc2769a1b78a27578f13a17b -> 
  custom:container-demuxer-webm: 4f35f7cbe854078d1ac9338744f61a02 -> 
  custom:container-demuxer-ogg: 62fdf1f143b41e24485cea50d1cbac27 -> 
  custom:video-encoder-webm-vp8: eb34c28f22e8b96e1ab97ce403110664 -> 
  custom:video-decoder-webm-vp8: 9c59270c3fd7afecdb556c50c9e8de78 -> 
  custom:audio-decoder-ogg-vorbis: bf7c407c2cedff20999df2af8eb42d56 -> 
  custom:audio-encoder-webm-vorbis: bf7c407c2cedff20999df2af8eb42d56 -> 
========================================================================
Received Prepare
Registering precompiled user dll's ...
Registered in 0.531790 seconds.
Begin MonoManager ReloadAssembly
Native extension for WindowsStandalone target not found
Refreshing native plugins compatible for Editor in 0.36 ms, found 2 plugins.
Preloading 0 native plugins for Editor in 0.00 ms.
Mono: successfully reloaded assembly
- Completed reload, in  6.135 seconds
Domain Reload Profiling:
	ReloadAssembly (6135ms)
		BeginReloadAssembly (2707ms)
			ExecutionOrderSort (0ms)
			DisableScriptedObjects (3ms)
			BackupInstance (0ms)
			ReleaseScriptingObjects (0ms)
			CreateAndSetChildDomain (29ms)
		EndReloadAssembly (3379ms)
			LoadAssemblies (4536ms)
			RebuildTransferFunctionScriptingTraits (0ms)
			SetupTypeCache (976ms)
			ReleaseScriptCaches (1ms)
			RebuildScriptCaches (27ms)
			SetupLoadedEditorAssemblies (361ms)
				LogAssemblyErrors (0ms)
				InitializePlatformSupportModulesInManaged (4ms)
				SetLoadedEditorAssemblies (0ms)
				RefreshPlugins (0ms)
				BeforeProcessingInitializeOnLoad (77ms)
				ProcessInitializeOnLoadAttributes (270ms)
				ProcessInitializeOnLoadMethodAttributes (4ms)
				AfterProcessingInitializeOnLoad (5ms)
				EditorAssembliesLoaded (0ms)
			ExecutionOrderSort2 (0ms)
			AwakeInstancesAfterBackupRestoration (5ms)
Platform modules already initialized, skipping
Refreshing native plugins compatible for Editor in 0.36 ms, found 2 plugins.
Preloading 0 native plugins for Editor in 0.00 ms.
Unloading 1747 Unused Serialized files (Serialized files now loaded: 0)
System memory in use before: 83.4 MB.
System memory in use after: 83.4 MB.

Unloading 12 unused Assets to reduce memory usage. Loaded Objects now: 2236.
Total: 2.303200 ms (FindLiveObjects: 0.142400 ms CreateObjectMapping: 0.029200 ms MarkObjects: 2.045900 ms  DeleteObjects: 0.084800 ms)

AssetImportParameters requested are different than current active one (requested -> active):
  custom:framework-win-MediaFoundation: 216162199b28c13a410421893ffa2e32 -> 
  custom:video-decoder-ogg-theora: a1e56fd34408186e4bbccfd4996cb3dc -> 
  custom:container-muxer-webm: aa71ff27fc2769a1b78a27578f13a17b -> 
  custom:container-demuxer-webm: 4f35f7cbe854078d1ac9338744f61a02 -> 
  custom:container-demuxer-ogg: 62fdf1f143b41e24485cea50d1cbac27 -> 
  custom:video-encoder-webm-vp8: eb34c28f22e8b96e1ab97ce403110664 -> 
  custom:video-decoder-webm-vp8: 9c59270c3fd7afecdb556c50c9e8de78 -> 
  custom:audio-decoder-ogg-vorbis: bf7c407c2cedff20999df2af8eb42d56 -> 
  custom:audio-encoder-webm-vorbis: bf7c407c2cedff20999df2af8eb42d56 -> 
========================================================================
Received Import Request.
  Time since last request: 2664.723890 seconds.
  path: Assets/Scenes/tutorial2.unity
  artifactKey: Guid(670c00589a18eea489f0fc7b712b5400) Importer(815301076,1909f56bfc062723c751e8b465ee728b)
Start importing Assets/Scenes/tutorial2.unity using Guid(670c00589a18eea489f0fc7b712b5400) Importer(815301076,1909f56bfc062723c751e8b465ee728b)  -> (artifact id: '3d73cfe105c4b623813d9d439b0618fd') in 0.016436 seconds 
  Import took 0.019135 seconds .

========================================================================
Received Import Request.
  Time since last request: 75.538332 seconds.
  path: Assets/Scenes/tutorial2.unity
  artifactKey: Guid(670c00589a18eea489f0fc7b712b5400) Importer(815301076,1909f56bfc062723c751e8b465ee728b)
Start importing Assets/Scenes/tutorial2.unity using Guid(670c00589a18eea489f0fc7b712b5400) Importer(815301076,1909f56bfc062723c751e8b465ee728b)  -> (artifact id: 'e58dc1f1bf11720465bed19a2491b1ff') in 0.003033 seconds 
  Import took 0.006155 seconds .

========================================================================
Received Prepare
Registering precompiled user dll's ...
Registered in 0.002769 seconds.
Begin MonoManager ReloadAssembly
Native extension for WindowsStandalone target not found
Refreshing native plugins compatible for Editor in 0.40 ms, found 2 plugins.
Preloading 0 native plugins for Editor in 0.00 ms.
Mono: successfully reloaded assembly
- Completed reload, in  0.675 seconds
Domain Reload Profiling:
	ReloadAssembly (676ms)
		BeginReloadAssembly (102ms)
			ExecutionOrderSort (0ms)
			DisableScriptedObjects (3ms)
			BackupInstance (0ms)
			ReleaseScriptingObjects (0ms)
			CreateAndSetChildDomain (26ms)
		EndReloadAssembly (529ms)
			LoadAssemblies (68ms)
			RebuildTransferFunctionScriptingTraits (0ms)
			SetupTypeCache (177ms)
			ReleaseScriptCaches (1ms)
			RebuildScriptCaches (27ms)
			SetupLoadedEditorAssemblies (202ms)
				LogAssemblyErrors (0ms)
				InitializePlatformSupportModulesInManaged (3ms)
				SetLoadedEditorAssemblies (0ms)
				RefreshPlugins (0ms)
				BeforeProcessingInitializeOnLoad (61ms)
				ProcessInitializeOnLoadAttributes (130ms)
				ProcessInitializeOnLoadMethodAttributes (3ms)
				AfterProcessingInitializeOnLoad (5ms)
				EditorAssembliesLoaded (0ms)
			ExecutionOrderSort2 (0ms)
			AwakeInstancesAfterBackupRestoration (4ms)
Platform modules already initialized, skipping
Refreshing native plugins compatible for Editor in 0.34 ms, found 2 plugins.
Preloading 0 native plugins for Editor in 0.00 ms.
Unloading 1747 Unused Serialized files (Serialized files now loaded: 0)
System memory in use before: 83.4 MB.
System memory in use after: 83.4 MB.

Unloading 12 unused Assets to reduce memory usage. Loaded Objects now: 2238.
Total: 2.310100 ms (FindLiveObjects: 0.120400 ms CreateObjectMapping: 0.029000 ms MarkObjects: 2.074400 ms  DeleteObjects: 0.085500 ms)

AssetImportParameters requested are different than current active one (requested -> active):
  custom:framework-win-MediaFoundation: 216162199b28c13a410421893ffa2e32 -> 
  custom:video-decoder-ogg-theora: a1e56fd34408186e4bbccfd4996cb3dc -> 
  custom:container-muxer-webm: aa71ff27fc2769a1b78a27578f13a17b -> 
  custom:container-demuxer-webm: 4f35f7cbe854078d1ac9338744f61a02 -> 
  custom:container-demuxer-ogg: 62fdf1f143b41e24485cea50d1cbac27 -> 
  custom:video-encoder-webm-vp8: eb34c28f22e8b96e1ab97ce403110664 -> 
  custom:video-decoder-webm-vp8: 9c59270c3fd7afecdb556c50c9e8de78 -> 
  custom:audio-decoder-ogg-vorbis: bf7c407c2cedff20999df2af8eb42d56 -> 
  custom:audio-encoder-webm-vorbis: bf7c407c2cedff20999df2af8eb42d56 -> 
========================================================================
Received Import Request.
  Time since last request: 35.694045 seconds.
  path: Assets/Scenes/tutorial02.unity
  artifactKey: Guid(670c00589a18eea489f0fc7b712b5400) Importer(815301076,1909f56bfc062723c751e8b465ee728b)
Start importing Assets/Scenes/tutorial02.unity using Guid(670c00589a18eea489f0fc7b712b5400) Importer(815301076,1909f56bfc062723c751e8b465ee728b)  -> (artifact id: 'a94a9d355f76f6ba279c22997b218b2c') in 0.015344 seconds 
  Import took 0.018166 seconds .

========================================================================
Received Import Request.
  Time since last request: 2.657367 seconds.
  path: Assets/Scenes/tutorial02 1.unity
  artifactKey: Guid(859f6964c7ab7c4429fb5579682a0445) Importer(815301076,1909f56bfc062723c751e8b465ee728b)
Start importing Assets/Scenes/tutorial02 1.unity using Guid(859f6964c7ab7c4429fb5579682a0445) Importer(815301076,1909f56bfc062723c751e8b465ee728b)  -> (artifact id: '988a518bfce5418798d9ea220334f136') in 0.006119 seconds 
  Import took 0.008873 seconds .

========================================================================
Received Import Request.
  Time since last request: 1.511826 seconds.
  path: Assets/Scenes/tutorial02 2.unity
  artifactKey: Guid(a9476ee3314c5174ea9cb9a3f885479c) Importer(815301076,1909f56bfc062723c751e8b465ee728b)
Start importing Assets/Scenes/tutorial02 2.unity using Guid(a9476ee3314c5174ea9cb9a3f885479c) Importer(815301076,1909f56bfc062723c751e8b465ee728b)  -> (artifact id: 'ddc5f7d072a96f3fcf3b1f59c6180bfa') in 0.006683 seconds 
  Import took 0.009417 seconds .

========================================================================
Received Import Request.
  Time since last request: 0.394588 seconds.
  path: Assets/Scenes/tutorial02 3.unity
  artifactKey: Guid(4255dd9a148123b4fb47c1c86f3c81c7) Importer(815301076,1909f56bfc062723c751e8b465ee728b)
Start importing Assets/Scenes/tutorial02 3.unity using Guid(4255dd9a148123b4fb47c1c86f3c81c7) Importer(815301076,1909f56bfc062723c751e8b465ee728b)  -> (artifact id: '7c4a490afb4469868716ca5f4530c3a6') in 0.007906 seconds 
  Import took 0.010488 seconds .

========================================================================
Received Import Request.
  Time since last request: 0.368712 seconds.
  path: Assets/Scenes/tutorial02 4.unity
  artifactKey: Guid(4338d897579391340bebf60dd196f4a5) Importer(815301076,1909f56bfc062723c751e8b465ee728b)
Start importing Assets/Scenes/tutorial02 4.unity using Guid(4338d897579391340bebf60dd196f4a5) Importer(815301076,1909f56bfc062723c751e8b465ee728b)  -> (artifact id: '755a0b6c85e6a822acc8441d687d3a60') in 0.006338 seconds 
  Import took 0.009051 seconds .

========================================================================
Received Import Request.
  Time since last request: 12.359105 seconds.
  path: Assets/Scenes/tutorial03.unity
  artifactKey: Guid(859f6964c7ab7c4429fb5579682a0445) Importer(815301076,1909f56bfc062723c751e8b465ee728b)
Start importing Assets/Scenes/tutorial03.unity using Guid(859f6964c7ab7c4429fb5579682a0445) Importer(815301076,1909f56bfc062723c751e8b465ee728b)  -> (artifact id: 'ef7d32e568f7c11afe9777c5cedf9cf2') in 0.006233 seconds 
  Import took 0.008836 seconds .

========================================================================
Received Import Request.
  Time since last request: 13.355744 seconds.
  path: Assets/Scenes/tutorial04.unity
  artifactKey: Guid(4255dd9a148123b4fb47c1c86f3c81c7) Importer(815301076,1909f56bfc062723c751e8b465ee728b)
Start importing Assets/Scenes/tutorial04.unity using Guid(4255dd9a148123b4fb47c1c86f3c81c7) Importer(815301076,1909f56bfc062723c751e8b465ee728b)  -> (artifact id: 'eaf79b413656d30ad4543af18cfb8f17') in 0.006343 seconds 
  Import took 0.009167 seconds .

========================================================================
Received Import Request.
  Time since last request: 12.124269 seconds.
  path: Assets/Scenes/tutorial05.unity
  artifactKey: Guid(4338d897579391340bebf60dd196f4a5) Importer(815301076,1909f56bfc062723c751e8b465ee728b)
Start importing Assets/Scenes/tutorial05.unity using Guid(4338d897579391340bebf60dd196f4a5) Importer(815301076,1909f56bfc062723c751e8b465ee728b)  -> (artifact id: '1bbfe7a3d81352f56de5c4b5e0c765a9') in 0.007227 seconds 
  Import took 0.009984 seconds .

========================================================================
Received Import Request.
  Time since last request: 11.814982 seconds.
  path: Assets/Scenes/tutorial06.unity
  artifactKey: Guid(a9476ee3314c5174ea9cb9a3f885479c) Importer(815301076,1909f56bfc062723c751e8b465ee728b)
Start importing Assets/Scenes/tutorial06.unity using Guid(a9476ee3314c5174ea9cb9a3f885479c) Importer(815301076,1909f56bfc062723c751e8b465ee728b)  -> (artifact id: '121a0860ee9bf5fa3b044b2b00facea3') in 0.006781 seconds 
  Import took 0.009286 seconds .

========================================================================
Received Import Request.
  Time since last request: 11.585767 seconds.
  path: Assets/Scenes/tutorial06 1.unity
  artifactKey: Guid(b76708a128da1dc4f9aac57ac71318e3) Importer(815301076,1909f56bfc062723c751e8b465ee728b)
Start importing Assets/Scenes/tutorial06 1.unity using Guid(b76708a128da1dc4f9aac57ac71318e3) Importer(815301076,1909f56bfc062723c751e8b465ee728b)  -> (artifact id: 'b655ae258b683b755317d720e901ea87') in 0.006249 seconds 
  Import took 0.008898 seconds .

========================================================================
Received Import Request.
  Time since last request: 19.132859 seconds.
  path: Assets/Scenes/tutorial07.unity
  artifactKey: Guid(b76708a128da1dc4f9aac57ac71318e3) Importer(815301076,1909f56bfc062723c751e8b465ee728b)
Start importing Assets/Scenes/tutorial07.unity using Guid(b76708a128da1dc4f9aac57ac71318e3) Importer(815301076,1909f56bfc062723c751e8b465ee728b)  -> (artifact id: '4e57dcca3ff7cae84f5992d616f02f97') in 0.005957 seconds 
  Import took 0.008507 seconds .

========================================================================
Received Import Request.
  Time since last request: 9.368682 seconds.
  path: Assets/Scenes/tutorial07 1.unity
  artifactKey: Guid(168afbcdfb874ca4587222508e61dac7) Importer(815301076,1909f56bfc062723c751e8b465ee728b)
Start importing Assets/Scenes/tutorial07 1.unity using Guid(168afbcdfb874ca4587222508e61dac7) Importer(815301076,1909f56bfc062723c751e8b465ee728b)  -> (artifact id: 'fa6a82c3a152efc35e3e3fbcc38bb728') in 0.008306 seconds 
  Import took 0.010899 seconds .

========================================================================
Received Import Request.
  Time since last request: 6.320670 seconds.
  path: Assets/Scenes/tutorial08.unity
  artifactKey: Guid(168afbcdfb874ca4587222508e61dac7) Importer(815301076,1909f56bfc062723c751e8b465ee728b)
Start importing Assets/Scenes/tutorial08.unity using Guid(168afbcdfb874ca4587222508e61dac7) Importer(815301076,1909f56bfc062723c751e8b465ee728b)  -> (artifact id: 'caebc580e10d5af1a2d7da713f999290') in 0.006643 seconds 
  Import took 0.009209 seconds .

========================================================================
Received Import Request.
  Time since last request: 10.343932 seconds.
  path: Assets/Scenes/tutorial08 1.unity
  artifactKey: Guid(db16ab717b8fab748a7b35650cc7ba03) Importer(815301076,1909f56bfc062723c751e8b465ee728b)
Start importing Assets/Scenes/tutorial08 1.unity using Guid(db16ab717b8fab748a7b35650cc7ba03) Importer(815301076,1909f56bfc062723c751e8b465ee728b)  -> (artifact id: '1b481fbff73e1ae0efa03fa3dcbfa881') in 0.006323 seconds 
  Import took 0.008985 seconds .

========================================================================
Received Import Request.
  Time since last request: 21.607742 seconds.
  path: Assets/Scenes/tutorial09.unity
  artifactKey: Guid(db16ab717b8fab748a7b35650cc7ba03) Importer(815301076,1909f56bfc062723c751e8b465ee728b)
Start importing Assets/Scenes/tutorial09.unity using Guid(db16ab717b8fab748a7b35650cc7ba03) Importer(815301076,1909f56bfc062723c751e8b465ee728b)  -> (artifact id: 'f1dacbac5fd62e10e478c240e17c1ea7') in 0.006155 seconds 
  Import took 0.008608 seconds .

========================================================================
Received Import Request.
  Time since last request: 13.638422 seconds.
  path: Assets/Scenes/tutorial09 1.unity
  artifactKey: Guid(da42867b6c3e8164c87bd249c8ee602b) Importer(815301076,1909f56bfc062723c751e8b465ee728b)
Start importing Assets/Scenes/tutorial09 1.unity using Guid(da42867b6c3e8164c87bd249c8ee602b) Importer(815301076,1909f56bfc062723c751e8b465ee728b)  -> (artifact id: '2a343e6f661e2d13d0eb3917d0e5adc1') in 0.006193 seconds 
  Import took 0.008814 seconds .

========================================================================
Received Import Request.
  Time since last request: 10.832193 seconds.
  path: Assets/Scenes/tutorial10.unity
  artifactKey: Guid(da42867b6c3e8164c87bd249c8ee602b) Importer(815301076,1909f56bfc062723c751e8b465ee728b)
Start importing Assets/Scenes/tutorial10.unity using Guid(da42867b6c3e8164c87bd249c8ee602b) Importer(815301076,1909f56bfc062723c751e8b465ee728b)  -> (artifact id: 'b76e9c404819646a8183263a5ac0c5a3') in 0.005788 seconds 
  Import took 0.008358 seconds .

========================================================================
Received Import Request.
  Time since last request: 6.435093 seconds.
  path: Assets/Scenes/tutorial10 1.unity
  artifactKey: Guid(4f580324b8e720e4fa85950100f45b65) Importer(815301076,1909f56bfc062723c751e8b465ee728b)
Start importing Assets/Scenes/tutorial10 1.unity using Guid(4f580324b8e720e4fa85950100f45b65) Importer(815301076,1909f56bfc062723c751e8b465ee728b)  -> (artifact id: 'd17d4b72bfd5a6dc314958803983d2fd') in 0.007076 seconds 
  Import took 0.009618 seconds .

========================================================================
Received Import Request.
  Time since last request: 9.206679 seconds.
  path: Assets/Scenes/tutorial11.unity
  artifactKey: Guid(4f580324b8e720e4fa85950100f45b65) Importer(815301076,1909f56bfc062723c751e8b465ee728b)
Start importing Assets/Scenes/tutorial11.unity using Guid(4f580324b8e720e4fa85950100f45b65) Importer(815301076,1909f56bfc062723c751e8b465ee728b)  -> (artifact id: '8dcc19de0c67c1fbaa90bdd62ec3d609') in 0.006996 seconds 
  Import took 0.009527 seconds .

========================================================================
Received Import Request.
  Time since last request: 9.143963 seconds.
  path: Assets/Scenes/tutorial02 1.unity
  artifactKey: Guid(9a144438989c7a94a96ce0f19a00bd2f) Importer(815301076,1909f56bfc062723c751e8b465ee728b)
Start importing Assets/Scenes/tutorial02 1.unity using Guid(9a144438989c7a94a96ce0f19a00bd2f) Importer(815301076,1909f56bfc062723c751e8b465ee728b)  -> (artifact id: '6894b9acec775132a33a225bc1a86308') in 0.002748 seconds 
  Import took 0.005353 seconds .

========================================================================
Received Import Request.
  Time since last request: 18.062615 seconds.
  path: Assets/Scenes/tutorial12.unity
  artifactKey: Guid(9a144438989c7a94a96ce0f19a00bd2f) Importer(815301076,1909f56bfc062723c751e8b465ee728b)
Start importing Assets/Scenes/tutorial12.unity using Guid(9a144438989c7a94a96ce0f19a00bd2f) Importer(815301076,1909f56bfc062723c751e8b465ee728b)  -> (artifact id: '9e3d58f51ff0efffccfd9584ae3e9a73') in 0.005570 seconds 
  Import took 0.008066 seconds .

========================================================================
Received Import Request.
  Time since last request: 4.273126 seconds.
  path: Assets/Scenes/tutorial03 1.unity
  artifactKey: Guid(61ac2e718414c924c936c4681ebecf29) Importer(815301076,1909f56bfc062723c751e8b465ee728b)
Start importing Assets/Scenes/tutorial03 1.unity using Guid(61ac2e718414c924c936c4681ebecf29) Importer(815301076,1909f56bfc062723c751e8b465ee728b)  -> (artifact id: '0ecf3a79bd1de04904e5c3d00cf30466') in 0.006012 seconds 
  Import took 0.008810 seconds .

========================================================================
Received Import Request.
  Time since last request: 6.766140 seconds.
  path: Assets/Scenes/tutorial13.unity
  artifactKey: Guid(61ac2e718414c924c936c4681ebecf29) Importer(815301076,1909f56bfc062723c751e8b465ee728b)
Start importing Assets/Scenes/tutorial13.unity using Guid(61ac2e718414c924c936c4681ebecf29) Importer(815301076,1909f56bfc062723c751e8b465ee728b)  -> (artifact id: '4427f47d96859e25ef9325ecdd601413') in 0.005700 seconds 
  Import took 0.008260 seconds .

========================================================================
Received Import Request.
  Time since last request: 1.713431 seconds.
  path: Assets/Scenes/tutorial04 1.unity
  artifactKey: Guid(044c8d9f7a43a3544a57db7702e3a163) Importer(815301076,1909f56bfc062723c751e8b465ee728b)
Start importing Assets/Scenes/tutorial04 1.unity using Guid(044c8d9f7a43a3544a57db7702e3a163) Importer(815301076,1909f56bfc062723c751e8b465ee728b)  -> (artifact id: '3cf11bc5709a040d96e842ad7dd3ccae') in 0.006197 seconds 
  Import took 0.008854 seconds .

========================================================================
Received Import Request.
  Time since last request: 8.747359 seconds.
  path: Assets/Scenes/tutorial14.unity
  artifactKey: Guid(044c8d9f7a43a3544a57db7702e3a163) Importer(815301076,1909f56bfc062723c751e8b465ee728b)
Start importing Assets/Scenes/tutorial14.unity using Guid(044c8d9f7a43a3544a57db7702e3a163) Importer(815301076,1909f56bfc062723c751e8b465ee728b)  -> (artifact id: 'a9cbf9e0697994a4fd67380fa31eb990') in 0.005718 seconds 
  Import took 0.008291 seconds .

========================================================================
Received Import Request.
  Time since last request: 1.652401 seconds.
  path: Assets/Scenes/tutorial05 1.unity
  artifactKey: Guid(04466895639f6cc4eb4cbbe1236d608e) Importer(815301076,1909f56bfc062723c751e8b465ee728b)
Start importing Assets/Scenes/tutorial05 1.unity using Guid(04466895639f6cc4eb4cbbe1236d608e) Importer(815301076,1909f56bfc062723c751e8b465ee728b)  -> (artifact id: 'f1fde9631242f36c735727b1a716c6e3') in 0.006265 seconds 
  Import took 0.008838 seconds .

========================================================================
Received Import Request.
  Time since last request: 6.139719 seconds.
  path: Assets/Scenes/tutorial15.unity
  artifactKey: Guid(04466895639f6cc4eb4cbbe1236d608e) Importer(815301076,1909f56bfc062723c751e8b465ee728b)
Start importing Assets/Scenes/tutorial15.unity using Guid(04466895639f6cc4eb4cbbe1236d608e) Importer(815301076,1909f56bfc062723c751e8b465ee728b)  -> (artifact id: '3c6cf1ec03d708a61aefaa37349191f5') in 0.005943 seconds 
  Import took 0.008515 seconds .

========================================================================
Received Import Request.
  Time since last request: 3.224617 seconds.
  path: Assets/Scenes/tutorial06 1.unity
  artifactKey: Guid(e810c2dc7948615469dcc5abce27d04c) Importer(815301076,1909f56bfc062723c751e8b465ee728b)
Start importing Assets/Scenes/tutorial06 1.unity using Guid(e810c2dc7948615469dcc5abce27d04c) Importer(815301076,1909f56bfc062723c751e8b465ee728b)  -> (artifact id: '93a56f13b4dd1a54df712ebef3fb713f') in 0.005610 seconds 
  Import took 0.008055 seconds .

========================================================================
Received Import Request.
  Time since last request: 5.989649 seconds.
  path: Assets/Scenes/tutorial16.unity
  artifactKey: Guid(e810c2dc7948615469dcc5abce27d04c) Importer(815301076,1909f56bfc062723c751e8b465ee728b)
Start importing Assets/Scenes/tutorial16.unity using Guid(e810c2dc7948615469dcc5abce27d04c) Importer(815301076,1909f56bfc062723c751e8b465ee728b)  -> (artifact id: 'a624301c8817105005367c3ec591718c') in 0.005919 seconds 
  Import took 0.008446 seconds .

========================================================================
Received Prepare
Registering precompiled user dll's ...
Registered in 0.035749 seconds.
Begin MonoManager ReloadAssembly
Native extension for WindowsStandalone target not found
Refreshing native plugins compatible for Editor in 0.33 ms, found 2 plugins.
Preloading 0 native plugins for Editor in 0.00 ms.
Mono: successfully reloaded assembly
- Completed reload, in  0.762 seconds
Domain Reload Profiling:
	ReloadAssembly (763ms)
		BeginReloadAssembly (99ms)
			ExecutionOrderSort (0ms)
			DisableScriptedObjects (3ms)
			BackupInstance (0ms)
			ReleaseScriptingObjects (0ms)
			CreateAndSetChildDomain (26ms)
		EndReloadAssembly (622ms)
			LoadAssemblies (66ms)
			RebuildTransferFunctionScriptingTraits (0ms)
			SetupTypeCache (167ms)
			ReleaseScriptCaches (1ms)
			RebuildScriptCaches (25ms)
			SetupLoadedEditorAssemblies (310ms)
				LogAssemblyErrors (0ms)
				InitializePlatformSupportModulesInManaged (4ms)
				SetLoadedEditorAssemblies (0ms)
				RefreshPlugins (0ms)
				BeforeProcessingInitializeOnLoad (60ms)
				ProcessInitializeOnLoadAttributes (238ms)
				ProcessInitializeOnLoadMethodAttributes (3ms)
				AfterProcessingInitializeOnLoad (5ms)
				EditorAssembliesLoaded (0ms)
			ExecutionOrderSort2 (0ms)
			AwakeInstancesAfterBackupRestoration (4ms)
Platform modules already initialized, skipping
Refreshing native plugins compatible for Editor in 0.35 ms, found 2 plugins.
Preloading 0 native plugins for Editor in 0.00 ms.
Unloading 1747 Unused Serialized files (Serialized files now loaded: 0)
System memory in use before: 83.6 MB.
System memory in use after: 83.6 MB.

Unloading 12 unused Assets to reduce memory usage. Loaded Objects now: 2240.
Total: 2.252200 ms (FindLiveObjects: 0.123000 ms CreateObjectMapping: 0.028400 ms MarkObjects: 2.006700 ms  DeleteObjects: 0.093300 ms)

AssetImportParameters requested are different than current active one (requested -> active):
  custom:framework-win-MediaFoundation: 216162199b28c13a410421893ffa2e32 -> 
  custom:video-decoder-ogg-theora: a1e56fd34408186e4bbccfd4996cb3dc -> 
  custom:container-muxer-webm: aa71ff27fc2769a1b78a27578f13a17b -> 
  custom:container-demuxer-webm: 4f35f7cbe854078d1ac9338744f61a02 -> 
  custom:container-demuxer-ogg: 62fdf1f143b41e24485cea50d1cbac27 -> 
  custom:video-encoder-webm-vp8: eb34c28f22e8b96e1ab97ce403110664 -> 
  custom:video-decoder-webm-vp8: 9c59270c3fd7afecdb556c50c9e8de78 -> 
  custom:audio-decoder-ogg-vorbis: bf7c407c2cedff20999df2af8eb42d56 -> 
  custom:audio-encoder-webm-vorbis: bf7c407c2cedff20999df2af8eb42d56 -> 
AssetImportWorkerClient::OnTransportError - code=2 error=End of file
